<?xml version="1.0" encoding="UTF-8"?>
<!-- Generated by org.testng.reporters.JUnitReportReporter -->
<testsuite hostname="DESKTOP-64VRLD2" failures="0" tests="3" name="Runner.TestrunnerParallel" time="306.498" errors="0" timestamp="15 Nov 2023 15:07:58 GMT" skipped="0">
  <testcase classname="Runner.TestrunnerParallel" name="runScenario" time="103.193"/>
  <testcase classname="Runner.TestrunnerParallel" name="runScenario" time="102.537"/>
  <testcase classname="Runner.TestrunnerParallel" name="runScenario" time="100.768"/>
</testsuite> <!-- Runner.TestrunnerParallel -->
