<?xml version="1.0" encoding="UTF-8"?>
<!-- Generated by org.testng.reporters.JUnitReportReporter -->
<testsuite hostname="DESKTOP-64VRLD2" failures="0" tests="3" name="Runner.TestrunnerParallel" time="34.649" errors="0" timestamp="19 Nov 2023 04:44:19 GMT" skipped="0">
  <testcase classname="Runner.TestrunnerParallel" name="runScenario" time="12.246"/>
  <testcase classname="Runner.TestrunnerParallel" name="runScenario" time="11.531"/>
  <testcase classname="Runner.TestrunnerParallel" name="runScenario" time="10.872"/>
</testsuite> <!-- Runner.TestrunnerParallel -->
