<?xml version="1.0" encoding="UTF-8"?>
<!-- Generated by org.testng.reporters.JUnitReportReporter -->
<testsuite hostname="DESKTOP-64VRLD2" failures="0" tests="3" name="Runner.TestrunnerParallel" time="37.682" errors="0" timestamp="13 Nov 2023 15:37:58 GMT" skipped="0">
  <testcase classname="Runner.TestrunnerParallel" name="runScenario" time="14.038"/>
  <testcase classname="Runner.TestrunnerParallel" name="runScenario" time="10.777"/>
  <testcase classname="Runner.TestrunnerParallel" name="runScenario" time="12.867"/>
</testsuite> <!-- Runner.TestrunnerParallel -->
