<?xml version="1.0" encoding="UTF-8"?>
<!-- Generated by org.testng.reporters.JUnitReportReporter -->
<testsuite hostname="DESKTOP-64VRLD2" failures="0" tests="3" name="Runner.TestrunnerParallel" time="36.219" errors="0" timestamp="18 Nov 2023 08:58:07 GMT" skipped="0">
  <testcase classname="Runner.TestrunnerParallel" name="runScenario" time="12.423"/>
  <testcase classname="Runner.TestrunnerParallel" name="runScenario" time="13.249"/>
  <testcase classname="Runner.TestrunnerParallel" name="runScenario" time="10.547"/>
</testsuite> <!-- Runner.TestrunnerParallel -->
