<?xml version="1.0" encoding="UTF-8"?>
<!-- Generated by org.testng.reporters.JUnitReportReporter -->
<testsuite hostname="DESKTOP-64VRLD2" failures="0" tests="3" name="Runner.TestrunnerParallel" time="43.622" errors="0" timestamp="16 Nov 2023 14:28:10 GMT" skipped="0">
  <testcase classname="Runner.TestrunnerParallel" name="runScenario" time="15.305"/>
  <testcase classname="Runner.TestrunnerParallel" name="runScenario" time="13.814"/>
  <testcase classname="Runner.TestrunnerParallel" name="runScenario" time="14.503"/>
</testsuite> <!-- Runner.TestrunnerParallel -->
