<?xml version="1.0" encoding="UTF-8"?>
<!-- Generated by org.testng.reporters.JUnitReportReporter -->
<testsuite hostname="DESKTOP-64VRLD2" failures="0" tests="3" name="Runner.TestrunnerParallel" time="30.869" errors="0" timestamp="13 Nov 2023 18:02:03 GMT" skipped="0">
  <testcase classname="Runner.TestrunnerParallel" name="runScenario" time="9.488"/>
  <testcase classname="Runner.TestrunnerParallel" name="runScenario" time="9.658"/>
  <testcase classname="Runner.TestrunnerParallel" name="runScenario" time="11.723"/>
</testsuite> <!-- Runner.TestrunnerParallel -->
