<?xml version="1.0" encoding="UTF-8"?>
<!-- Generated by org.testng.reporters.JUnitReportReporter -->
<testsuite hostname="DESKTOP-64VRLD2" failures="0" tests="3" name="Runner.TestrunnerParallel" time="29.055" errors="0" timestamp="19 Nov 2023 06:52:36 GMT" skipped="0">
  <testcase classname="Runner.TestrunnerParallel" name="runScenario" time="8.006"/>
  <testcase classname="Runner.TestrunnerParallel" name="runScenario" time="9.499"/>
  <testcase classname="Runner.TestrunnerParallel" name="runScenario" time="11.550"/>
</testsuite> <!-- Runner.TestrunnerParallel -->
