<?xml version="1.0" encoding="UTF-8"?>
<!-- Generated by org.testng.reporters.JUnitReportReporter -->
<testsuite hostname="DESKTOP-64VRLD2" failures="0" tests="3" name="Runner.TestrunnerParallel" time="34.036" errors="0" timestamp="15 Nov 2023 16:24:53 GMT" skipped="0">
  <testcase classname="Runner.TestrunnerParallel" name="runScenario" time="11.316"/>
  <testcase classname="Runner.TestrunnerParallel" name="runScenario" time="11.213"/>
  <testcase classname="Runner.TestrunnerParallel" name="runScenario" time="11.507"/>
</testsuite> <!-- Runner.TestrunnerParallel -->
