<?xml version="1.0" encoding="UTF-8"?>
<!-- Generated by org.testng.reporters.JUnitReportReporter -->
<testsuite hostname="DESKTOP-64VRLD2" failures="0" tests="3" name="Runner.TestrunnerParallel" time="38.037" errors="0" timestamp="15 Nov 2023 15:59:20 GMT" skipped="0">
  <testcase classname="Runner.TestrunnerParallel" name="runScenario" time="12.062"/>
  <testcase classname="Runner.TestrunnerParallel" name="runScenario" time="13.115"/>
  <testcase classname="Runner.TestrunnerParallel" name="runScenario" time="12.860"/>
</testsuite> <!-- Runner.TestrunnerParallel -->
