<?xml version="1.0" encoding="UTF-8"?>
<!-- Generated by org.testng.reporters.JUnitReportReporter -->
<testsuite hostname="DESKTOP-64VRLD2" failures="0" tests="3" name="Runner.TestrunnerParallel" time="36.414" errors="0" timestamp="15 Nov 2023 15:27:54 GMT" skipped="0">
  <testcase classname="Runner.TestrunnerParallel" name="runScenario" time="11.988"/>
  <testcase classname="Runner.TestrunnerParallel" name="runScenario" time="13.520"/>
  <testcase classname="Runner.TestrunnerParallel" name="runScenario" time="10.906"/>
</testsuite> <!-- Runner.TestrunnerParallel -->
